2022-11-14 17:12:51-Starting Project1Application using Java 17.0.4.1 on INLEN8520063002 with PID 4296 (C:\Users\gdeeks\GroupProject\Project1\Project1\target\classes started by gdeeks in C:\Users\gdeeks\GroupProject\Project1\Project1)
2022-11-14 17:12:51-No active profile set, falling back to 1 default profile: "default"
2022-11-14 17:12:51-Devtools property defaults active! Set 'spring.devtools.add-properties' to 'false' to disable
2022-11-14 17:12:51-For additional web related logging consider setting the 'logging.level.web' property to 'DEBUG'
2022-11-14 17:12:52-Bootstrapping Spring Data JPA repositories in DEFAULT mode.
2022-11-14 17:12:52-Finished Spring Data repository scanning in 137 ms. Found 5 JPA repository interfaces.
2022-11-14 17:12:52-Tomcat initialized with port(s): 2710 (http)
2022-11-14 17:12:52-Starting service [Tomcat]
2022-11-14 17:12:52-Starting Servlet engine: [Apache Tomcat/9.0.68]
2022-11-14 17:12:52-Initializing Spring embedded WebApplicationContext
2022-11-14 17:12:52-Root WebApplicationContext: initialization completed in 1604 ms
2022-11-14 17:12:53-HHH000204: Processing PersistenceUnitInfo [name: default]
2022-11-14 17:12:53-HHH000412: Hibernate ORM core version 5.6.12.Final
2022-11-14 17:12:53-HCANN000001: Hibernate Commons Annotations {5.1.2.Final}
2022-11-14 17:12:53-HikariPool-1 - Starting...
2022-11-14 17:12:53-HikariPool-1 - Start completed.
2022-11-14 17:12:53-HHH000400: Using dialect: org.hibernate.dialect.PostgreSQLDialect
2022-11-14 17:12:54-HHH000490: Using JtaPlatform implementation: [org.hibernate.engine.transaction.jta.platform.internal.NoJtaPlatform]
2022-11-14 17:12:54-Initialized JPA EntityManagerFactory for persistence unit 'default'
2022-11-14 17:12:55-spring.jpa.open-in-view is enabled by default. Therefore, database queries may be performed during view rendering. Explicitly configure spring.jpa.open-in-view to disable this warning
2022-11-14 17:12:55-LiveReload server is running on port 35729
2022-11-14 17:12:55-Tomcat started on port(s): 2710 (http) with context path ''
2022-11-14 17:12:55-Started Project1Application in 4.506 seconds (JVM running for 5.216)
2022-11-14 17:13:08-Starting Project1ApplicationTests using Java 17.0.4.1 on INLEN8520063002 with PID 13780 (started by gdeeks in C:\Users\gdeeks\GroupProject\Project1\Project1)
2022-11-14 17:13:08-No active profile set, falling back to 1 default profile: "default"
2022-11-14 17:13:09-Bootstrapping Spring Data JPA repositories in DEFAULT mode.
2022-11-14 17:13:09-Finished Spring Data repository scanning in 136 ms. Found 5 JPA repository interfaces.
2022-11-14 17:13:10-HHH000204: Processing PersistenceUnitInfo [name: default]
2022-11-14 17:13:10-HHH000412: Hibernate ORM core version 5.6.12.Final
2022-11-14 17:13:10-HCANN000001: Hibernate Commons Annotations {5.1.2.Final}
2022-11-14 17:13:10-HikariPool-1 - Starting...
2022-11-14 17:13:10-HikariPool-1 - Start completed.
2022-11-14 17:13:10-HHH000400: Using dialect: org.hibernate.dialect.PostgreSQLDialect
2022-11-14 17:13:11-HHH000490: Using JtaPlatform implementation: [org.hibernate.engine.transaction.jta.platform.internal.NoJtaPlatform]
2022-11-14 17:13:11-Initialized JPA EntityManagerFactory for persistence unit 'default'
2022-11-14 17:13:12-spring.jpa.open-in-view is enabled by default. Therefore, database queries may be performed during view rendering. Explicitly configure spring.jpa.open-in-view to disable this warning
2022-11-14 17:13:12-Started Project1ApplicationTests in 4.368 seconds (JVM running for 5.251)
2022-11-14 17:13:13-Closing JPA EntityManagerFactory for persistence unit 'default'
2022-11-14 17:13:13-HikariPool-1 - Shutdown initiated...
2022-11-14 17:13:13-HikariPool-1 - Shutdown completed.
